<?xml version="1.0" encoding="UTF-8"?>
<!-- Generated by org.testng.reporters.JUnitReportReporter -->
<testsuite hostname="DESKTOP-OP21TNE" failures="0" tests="4" name="Selenium_Framework.Translink_UI.ValidateBusTimesTest" time="30.474" errors="0" timestamp="2025-09-30T21:53:43 PDT" skipped="0">
  <testcase classname="Selenium_Framework.Translink_UI.ValidateBusTimesTest" name="validateTimeDiff" time="4.062"/>
  <system-out/>
  <testcase classname="Selenium_Framework.Translink_UI.ValidateBusTimesTest" name="searchAndSelectStop" time="13.712"/>
  <system-out/>
  <testcase classname="Selenium_Framework.Translink_UI.ValidateBusTimesTest" name="selectBusdropdown" time="4.768"/>
  <system-out/>
  <testcase classname="Selenium_Framework.Translink_UI.ValidateBusTimesTest" name="searchforStop" time="7.932"/>
  <system-out/>
</testsuite> <!-- Selenium_Framework.Translink_UI.ValidateBusTimesTest -->
