<?xml version="1.0" encoding="UTF-8"?>
<!-- Generated by org.testng.reporters.JUnitReportReporter -->
<testsuite hostname="DESKTOP-OP21TNE" failures="0" tests="3" name="Selenium_Framework.Translink_UI.SearchandSelectStop" time="34.065" errors="0" timestamp="2025-09-29T12:05:06 PDT" skipped="0">
  <testcase classname="Selenium_Framework.Translink_UI.SearchandSelectStop" name="searchforStop" time="7.844"/>
  <system-out/>
  <testcase classname="Selenium_Framework.Translink_UI.SearchandSelectStop" name="searchAndSelectStop" time="22.811"/>
  <system-out/>
  <testcase classname="Selenium_Framework.Translink_UI.SearchandSelectStop" name="selectBusdropdown" time="3.410"/>
  <system-out/>
</testsuite> <!-- Selenium_Framework.Translink_UI.SearchandSelectStop -->
