<?xml version="1.0" encoding="UTF-8"?>
<!-- Generated by org.testng.reporters.JUnitReportReporter -->
<testsuite hostname="DESKTOP-OP21TNE" failures="0" tests="1" name="Selenium_Framework.Translink_UI.LoadBusPageTest" time="4.551" errors="0" timestamp="2025-09-30T21:54:07 PDT" skipped="0">
  <testcase classname="Selenium_Framework.Translink_UI.LoadBusPageTest" name="selectBusdropdown" time="4.551"/>
  <system-out/>
</testsuite> <!-- Selenium_Framework.Translink_UI.LoadBusPageTest -->
