<?xml version="1.0" encoding="UTF-8"?>
<!-- Generated by org.testng.reporters.JUnitReportReporter -->
<testsuite hostname="DESKTOP-OP21TNE" failures="0" tests="2" name="Selenium_Framework.Translink_UI.SearchBusScheduleAndClickTest" time="12.506" errors="0" timestamp="2025-09-30T21:28:23 PDT" skipped="0">
  <testcase classname="Selenium_Framework.Translink_UI.SearchBusScheduleAndClickTest" name="selectBusdropdown" time="4.851"/>
  <system-out/>
  <testcase classname="Selenium_Framework.Translink_UI.SearchBusScheduleAndClickTest" name="searchforStop" time="7.655"/>
  <system-out/>
</testsuite> <!-- Selenium_Framework.Translink_UI.SearchBusScheduleAndClickTest -->
