<?xml version="1.0" encoding="UTF-8"?>
<!-- Generated by org.testng.reporters.JUnitReportReporter -->
<testsuite hostname="DESKTOP-OP21TNE" failures="0" tests="4" name="Selenium_Framework.Translink_UI.StandAloneTest" time="46.575" errors="0" timestamp="2025-09-29T21:34:56 PDT" skipped="0">
  <testcase classname="Selenium_Framework.Translink_UI.StandAloneTest" name="searchAndSelectStop" time="33.567"/>
  <system-out/>
  <testcase classname="Selenium_Framework.Translink_UI.StandAloneTest" name="searchforStop" time="4.187"/>
  <system-out/>
  <testcase classname="Selenium_Framework.Translink_UI.StandAloneTest" name="addstopasFavourite" time="4.676"/>
  <system-out/>
  <testcase classname="Selenium_Framework.Translink_UI.StandAloneTest" name="selectBusdropdown" time="4.145"/>
  <system-out/>
</testsuite> <!-- Selenium_Framework.Translink_UI.StandAloneTest -->
