<?xml version="1.0" encoding="UTF-8"?>
<!-- Generated by org.testng.reporters.JUnitReportReporter -->
<testsuite hostname="DESKTOP-OP21TNE" failures="0" tests="3" name="Selenium_Framework.Translink_UI.SearchandSelectStopTest" time="22.626" errors="0" timestamp="2025-09-30T15:42:20 PDT" skipped="0">
  <testcase classname="Selenium_Framework.Translink_UI.SearchandSelectStopTest" name="searchAndSelectStop" time="14.727"/>
  <system-out/>
  <testcase classname="Selenium_Framework.Translink_UI.SearchandSelectStopTest" name="searchforStop" time="4.543"/>
  <system-out/>
  <testcase classname="Selenium_Framework.Translink_UI.SearchandSelectStopTest" name="selectBusdropdown" time="3.356"/>
  <system-out/>
</testsuite> <!-- Selenium_Framework.Translink_UI.SearchandSelectStopTest -->
