<?xml version="1.0" encoding="UTF-8"?>
<!-- Generated by org.testng.reporters.JUnitReportReporter -->
<testsuite hostname="DESKTOP-OP21TNE" failures="0" tests="4" name="Selenium_Framework.Translink_UI.AddRouteAsFavouriteTest" time="30.311" errors="0" timestamp="2025-09-30T21:55:13 PDT" skipped="0">
  <testcase classname="Selenium_Framework.Translink_UI.AddRouteAsFavouriteTest" name="addstopasFavourite" time="5.634"/>
  <system-out/>
  <testcase classname="Selenium_Framework.Translink_UI.AddRouteAsFavouriteTest" name="selectBusdropdown" time="3.373"/>
  <system-out/>
  <testcase classname="Selenium_Framework.Translink_UI.AddRouteAsFavouriteTest" name="searchforStop" time="8.315"/>
  <system-out/>
  <testcase classname="Selenium_Framework.Translink_UI.AddRouteAsFavouriteTest" name="searchAndSelectStop" time="12.989"/>
  <system-out/>
</testsuite> <!-- Selenium_Framework.Translink_UI.AddRouteAsFavouriteTest -->
