<?xml version="1.0" encoding="UTF-8"?>
<!-- Generated by org.testng.reporters.JUnitReportReporter -->
<testsuite hostname="DESKTOP-OP21TNE" failures="0" tests="4" name="Selenium_Framework.Translink_UI.AddRouteAsFavourite" time="38.637" errors="0" timestamp="2025-09-29T19:41:44 PDT" skipped="0">
  <testcase classname="Selenium_Framework.Translink_UI.AddRouteAsFavourite" name="searchforStop" time="8.199"/>
  <system-out/>
  <testcase classname="Selenium_Framework.Translink_UI.AddRouteAsFavourite" name="selectBusdropdown" time="3.480"/>
  <system-out/>
  <testcase classname="Selenium_Framework.Translink_UI.AddRouteAsFavourite" name="searchAndSelectStop" time="23.180"/>
  <system-out/>
  <testcase classname="Selenium_Framework.Translink_UI.AddRouteAsFavourite" name="addstopasFavourite" time="3.778"/>
  <system-out/>
</testsuite> <!-- Selenium_Framework.Translink_UI.AddRouteAsFavourite -->
